C:\Users\Anuitex-43\source\repos\AngularTrainee\Library.WebCore\dist\out-tsc\src\app\app.service.js
C:\Users\Anuitex-43\source\repos\AngularTrainee\Library.WebCore\dist\out-tsc\src\app\app.service.js.map
C:\Users\Anuitex-43\source\repos\AngularTrainee\Library.WebCore\dist\out-tsc\src\app\app.component.js
C:\Users\Anuitex-43\source\repos\AngularTrainee\Library.WebCore\dist\out-tsc\src\app\app.component.js.map
C:\Users\Anuitex-43\source\repos\AngularTrainee\Library.WebCore\dist\out-tsc\src\app\app.module.js
C:\Users\Anuitex-43\source\repos\AngularTrainee\Library.WebCore\dist\out-tsc\src\app\app.module.js.map
C:\Users\Anuitex-43\source\repos\AngularTrainee\Library.WebCore\dist\out-tsc\src\environments\environment.js
C:\Users\Anuitex-43\source\repos\AngularTrainee\Library.WebCore\dist\out-tsc\src\environments\environment.js.map
C:\Users\Anuitex-43\source\repos\AngularTrainee\Library.WebCore\dist\out-tsc\src\main.js
C:\Users\Anuitex-43\source\repos\AngularTrainee\Library.WebCore\dist\out-tsc\src\main.js.map
C:\Users\Anuitex-43\source\repos\AngularTrainee\Library.WebCore\dist\out-tsc\src\polyfills.js
C:\Users\Anuitex-43\source\repos\AngularTrainee\Library.WebCore\dist\out-tsc\src\polyfills.js.map
C:\Users\Anuitex-43\source\repos\AngularTrainee\Library.WebCore\dist\out-tsc\src\test.js
C:\Users\Anuitex-43\source\repos\AngularTrainee\Library.WebCore\dist\out-tsc\src\test.js.map
C:\Users\Anuitex-43\source\repos\AngularTrainee\Library.WebCore\dist\out-tsc\src\environments\environment.prod.js
C:\Users\Anuitex-43\source\repos\AngularTrainee\Library.WebCore\dist\out-tsc\src\environments\environment.prod.js.map
C:\Users\Anuitex-43\source\repos\AngularTrainee\Library.WebCore\dist\out-tsc\src\app\app.component.spec.js
C:\Users\Anuitex-43\source\repos\AngularTrainee\Library.WebCore\dist\out-tsc\src\app\app.component.spec.js.map
C:\Users\Anuitex-43\source\repos\AngularTrainee\Library.WebCore\dist\out-tsc\e2e\app.po.js
C:\Users\Anuitex-43\source\repos\AngularTrainee\Library.WebCore\dist\out-tsc\e2e\app.po.js.map
C:\Users\Anuitex-43\source\repos\AngularTrainee\Library.WebCore\dist\out-tsc\e2e\app.e2e-spec.js
C:\Users\Anuitex-43\source\repos\AngularTrainee\Library.WebCore\dist\out-tsc\e2e\app.e2e-spec.js.map
C:\Users\Anuitex-43\source\repos\AngularTrainee\Library.WebCore\dist\out-tsc\src\app\app.service.js
C:\Users\Anuitex-43\source\repos\AngularTrainee\Library.WebCore\dist\out-tsc\src\app\app.service.js.map
C:\Users\Anuitex-43\source\repos\AngularTrainee\Library.WebCore\dist\out-tsc\src\app\app.component.js
C:\Users\Anuitex-43\source\repos\AngularTrainee\Library.WebCore\dist\out-tsc\src\app\app.component.js.map
C:\Users\Anuitex-43\source\repos\AngularTrainee\Library.WebCore\dist\out-tsc\src\app\app.module.js
C:\Users\Anuitex-43\source\repos\AngularTrainee\Library.WebCore\dist\out-tsc\src\app\app.module.js.map
C:\Users\Anuitex-43\source\repos\AngularTrainee\Library.WebCore\dist\out-tsc\src\environments\environment.js
C:\Users\Anuitex-43\source\repos\AngularTrainee\Library.WebCore\dist\out-tsc\src\environments\environment.js.map
C:\Users\Anuitex-43\source\repos\AngularTrainee\Library.WebCore\dist\out-tsc\src\main.js
C:\Users\Anuitex-43\source\repos\AngularTrainee\Library.WebCore\dist\out-tsc\src\main.js.map
C:\Users\Anuitex-43\source\repos\AngularTrainee\Library.WebCore\dist\out-tsc\src\polyfills.js
C:\Users\Anuitex-43\source\repos\AngularTrainee\Library.WebCore\dist\out-tsc\src\polyfills.js.map
C:\Users\Anuitex-43\source\repos\AngularTrainee\Library.WebCore\dist\out-tsc\src\test.js
C:\Users\Anuitex-43\source\repos\AngularTrainee\Library.WebCore\dist\out-tsc\src\test.js.map
C:\Users\Anuitex-43\source\repos\AngularTrainee\Library.WebCore\dist\out-tsc\src\environments\environment.prod.js
C:\Users\Anuitex-43\source\repos\AngularTrainee\Library.WebCore\dist\out-tsc\src\environments\environment.prod.js.map
C:\Users\Anuitex-43\source\repos\AngularTrainee\Library.WebCore\dist\out-tsc\src\app\app.component.spec.js
C:\Users\Anuitex-43\source\repos\AngularTrainee\Library.WebCore\dist\out-tsc\src\app\app.component.spec.js.map
C:\Users\Anuitex-43\source\repos\AngularTrainee\Library.WebCore\dist\out-tsc\e2e\app.po.js
C:\Users\Anuitex-43\source\repos\AngularTrainee\Library.WebCore\dist\out-tsc\e2e\app.po.js.map
C:\Users\Anuitex-43\source\repos\AngularTrainee\Library.WebCore\dist\out-tsc\e2e\app.e2e-spec.js
C:\Users\Anuitex-43\source\repos\AngularTrainee\Library.WebCore\dist\out-tsc\e2e\app.e2e-spec.js.map
C:\Users\Anuitex-43\source\repos\AngularTrainee\Library.WebCore\dist\out-tsc\src\app\app.service.js
C:\Users\Anuitex-43\source\repos\AngularTrainee\Library.WebCore\dist\out-tsc\src\app\app.service.js.map
C:\Users\Anuitex-43\source\repos\AngularTrainee\Library.WebCore\dist\out-tsc\src\app\app.component.js
C:\Users\Anuitex-43\source\repos\AngularTrainee\Library.WebCore\dist\out-tsc\src\app\app.component.js.map
C:\Users\Anuitex-43\source\repos\AngularTrainee\Library.WebCore\dist\out-tsc\src\app\app.module.js
C:\Users\Anuitex-43\source\repos\AngularTrainee\Library.WebCore\dist\out-tsc\src\app\app.module.js.map
C:\Users\Anuitex-43\source\repos\AngularTrainee\Library.WebCore\dist\out-tsc\src\environments\environment.js
C:\Users\Anuitex-43\source\repos\AngularTrainee\Library.WebCore\dist\out-tsc\src\environments\environment.js.map
C:\Users\Anuitex-43\source\repos\AngularTrainee\Library.WebCore\dist\out-tsc\src\main.js
C:\Users\Anuitex-43\source\repos\AngularTrainee\Library.WebCore\dist\out-tsc\src\main.js.map
C:\Users\Anuitex-43\source\repos\AngularTrainee\Library.WebCore\dist\out-tsc\src\polyfills.js
C:\Users\Anuitex-43\source\repos\AngularTrainee\Library.WebCore\dist\out-tsc\src\polyfills.js.map
C:\Users\Anuitex-43\source\repos\AngularTrainee\Library.WebCore\dist\out-tsc\src\test.js
C:\Users\Anuitex-43\source\repos\AngularTrainee\Library.WebCore\dist\out-tsc\src\test.js.map
C:\Users\Anuitex-43\source\repos\AngularTrainee\Library.WebCore\dist\out-tsc\src\environments\environment.prod.js
C:\Users\Anuitex-43\source\repos\AngularTrainee\Library.WebCore\dist\out-tsc\src\environments\environment.prod.js.map
C:\Users\Anuitex-43\source\repos\AngularTrainee\Library.WebCore\dist\out-tsc\src\app\app.component.spec.js
C:\Users\Anuitex-43\source\repos\AngularTrainee\Library.WebCore\dist\out-tsc\src\app\app.component.spec.js.map
C:\Users\Anuitex-43\source\repos\AngularTrainee\Library.WebCore\dist\out-tsc\e2e\app.po.js
C:\Users\Anuitex-43\source\repos\AngularTrainee\Library.WebCore\dist\out-tsc\e2e\app.po.js.map
C:\Users\Anuitex-43\source\repos\AngularTrainee\Library.WebCore\dist\out-tsc\e2e\app.e2e-spec.js
C:\Users\Anuitex-43\source\repos\AngularTrainee\Library.WebCore\dist\out-tsc\e2e\app.e2e-spec.js.map
C:\Users\Anuitex-43\source\repos\AngularTrainee\Library.WebCore\dist\out-tsc\src\app\app.service.js
C:\Users\Anuitex-43\source\repos\AngularTrainee\Library.WebCore\dist\out-tsc\src\app\app.service.js.map
C:\Users\Anuitex-43\source\repos\AngularTrainee\Library.WebCore\dist\out-tsc\src\app\app.component.js
C:\Users\Anuitex-43\source\repos\AngularTrainee\Library.WebCore\dist\out-tsc\src\app\app.component.js.map
C:\Users\Anuitex-43\source\repos\AngularTrainee\Library.WebCore\dist\out-tsc\src\app\app.module.js
C:\Users\Anuitex-43\source\repos\AngularTrainee\Library.WebCore\dist\out-tsc\src\app\app.module.js.map
C:\Users\Anuitex-43\source\repos\AngularTrainee\Library.WebCore\dist\out-tsc\src\environments\environment.js
C:\Users\Anuitex-43\source\repos\AngularTrainee\Library.WebCore\dist\out-tsc\src\environments\environment.js.map
C:\Users\Anuitex-43\source\repos\AngularTrainee\Library.WebCore\dist\out-tsc\src\main.js
C:\Users\Anuitex-43\source\repos\AngularTrainee\Library.WebCore\dist\out-tsc\src\main.js.map
C:\Users\Anuitex-43\source\repos\AngularTrainee\Library.WebCore\dist\out-tsc\src\polyfills.js
C:\Users\Anuitex-43\source\repos\AngularTrainee\Library.WebCore\dist\out-tsc\src\polyfills.js.map
C:\Users\Anuitex-43\source\repos\AngularTrainee\Library.WebCore\dist\out-tsc\src\test.js
C:\Users\Anuitex-43\source\repos\AngularTrainee\Library.WebCore\dist\out-tsc\src\test.js.map
C:\Users\Anuitex-43\source\repos\AngularTrainee\Library.WebCore\dist\out-tsc\src\environments\environment.prod.js
C:\Users\Anuitex-43\source\repos\AngularTrainee\Library.WebCore\dist\out-tsc\src\environments\environment.prod.js.map
C:\Users\Anuitex-43\source\repos\AngularTrainee\Library.WebCore\dist\out-tsc\src\app\app.component.spec.js
C:\Users\Anuitex-43\source\repos\AngularTrainee\Library.WebCore\dist\out-tsc\src\app\app.component.spec.js.map
C:\Users\Anuitex-43\source\repos\AngularTrainee\Library.WebCore\dist\out-tsc\e2e\app.po.js
C:\Users\Anuitex-43\source\repos\AngularTrainee\Library.WebCore\dist\out-tsc\e2e\app.po.js.map
C:\Users\Anuitex-43\source\repos\AngularTrainee\Library.WebCore\dist\out-tsc\e2e\app.e2e-spec.js
C:\Users\Anuitex-43\source\repos\AngularTrainee\Library.WebCore\dist\out-tsc\e2e\app.e2e-spec.js.map
C:\Users\Anuitex-43\source\repos\AngularTrainee\Library.WebCore\dist\out-tsc\src\app\app.service.js
C:\Users\Anuitex-43\source\repos\AngularTrainee\Library.WebCore\dist\out-tsc\src\app\app.service.js.map
C:\Users\Anuitex-43\source\repos\AngularTrainee\Library.WebCore\dist\out-tsc\src\app\app.component.js
C:\Users\Anuitex-43\source\repos\AngularTrainee\Library.WebCore\dist\out-tsc\src\app\app.component.js.map
C:\Users\Anuitex-43\source\repos\AngularTrainee\Library.WebCore\dist\out-tsc\src\app\app.module.js
C:\Users\Anuitex-43\source\repos\AngularTrainee\Library.WebCore\dist\out-tsc\src\app\app.module.js.map
C:\Users\Anuitex-43\source\repos\AngularTrainee\Library.WebCore\dist\out-tsc\src\environments\environment.js
C:\Users\Anuitex-43\source\repos\AngularTrainee\Library.WebCore\dist\out-tsc\src\environments\environment.js.map
C:\Users\Anuitex-43\source\repos\AngularTrainee\Library.WebCore\dist\out-tsc\src\main.js
C:\Users\Anuitex-43\source\repos\AngularTrainee\Library.WebCore\dist\out-tsc\src\main.js.map
C:\Users\Anuitex-43\source\repos\AngularTrainee\Library.WebCore\dist\out-tsc\src\polyfills.js
C:\Users\Anuitex-43\source\repos\AngularTrainee\Library.WebCore\dist\out-tsc\src\polyfills.js.map
C:\Users\Anuitex-43\source\repos\AngularTrainee\Library.WebCore\dist\out-tsc\src\test.js
C:\Users\Anuitex-43\source\repos\AngularTrainee\Library.WebCore\dist\out-tsc\src\test.js.map
C:\Users\Anuitex-43\source\repos\AngularTrainee\Library.WebCore\dist\out-tsc\src\environments\environment.prod.js
C:\Users\Anuitex-43\source\repos\AngularTrainee\Library.WebCore\dist\out-tsc\src\environments\environment.prod.js.map
C:\Users\Anuitex-43\source\repos\AngularTrainee\Library.WebCore\dist\out-tsc\src\app\app.component.spec.js
C:\Users\Anuitex-43\source\repos\AngularTrainee\Library.WebCore\dist\out-tsc\src\app\app.component.spec.js.map
C:\Users\Anuitex-43\source\repos\AngularTrainee\Library.WebCore\dist\out-tsc\e2e\app.po.js
C:\Users\Anuitex-43\source\repos\AngularTrainee\Library.WebCore\dist\out-tsc\e2e\app.po.js.map
C:\Users\Anuitex-43\source\repos\AngularTrainee\Library.WebCore\dist\out-tsc\e2e\app.e2e-spec.js
C:\Users\Anuitex-43\source\repos\AngularTrainee\Library.WebCore\dist\out-tsc\e2e\app.e2e-spec.js.map
C:\Users\Anuitex-43\source\repos\AngularTrainee\Library.WebCore\dist\out-tsc\src\app\app.service.js
C:\Users\Anuitex-43\source\repos\AngularTrainee\Library.WebCore\dist\out-tsc\src\app\app.service.js.map
C:\Users\Anuitex-43\source\repos\AngularTrainee\Library.WebCore\dist\out-tsc\src\app\app.component.js
C:\Users\Anuitex-43\source\repos\AngularTrainee\Library.WebCore\dist\out-tsc\src\app\app.component.js.map
C:\Users\Anuitex-43\source\repos\AngularTrainee\Library.WebCore\dist\out-tsc\src\app\app.module.js
C:\Users\Anuitex-43\source\repos\AngularTrainee\Library.WebCore\dist\out-tsc\src\app\app.module.js.map
C:\Users\Anuitex-43\source\repos\AngularTrainee\Library.WebCore\dist\out-tsc\src\environments\environment.js
C:\Users\Anuitex-43\source\repos\AngularTrainee\Library.WebCore\dist\out-tsc\src\environments\environment.js.map
C:\Users\Anuitex-43\source\repos\AngularTrainee\Library.WebCore\dist\out-tsc\src\main.js
C:\Users\Anuitex-43\source\repos\AngularTrainee\Library.WebCore\dist\out-tsc\src\main.js.map
C:\Users\Anuitex-43\source\repos\AngularTrainee\Library.WebCore\dist\out-tsc\src\polyfills.js
C:\Users\Anuitex-43\source\repos\AngularTrainee\Library.WebCore\dist\out-tsc\src\polyfills.js.map
C:\Users\Anuitex-43\source\repos\AngularTrainee\Library.WebCore\dist\out-tsc\src\test.js
C:\Users\Anuitex-43\source\repos\AngularTrainee\Library.WebCore\dist\out-tsc\src\test.js.map
C:\Users\Anuitex-43\source\repos\AngularTrainee\Library.WebCore\dist\out-tsc\src\environments\environment.prod.js
C:\Users\Anuitex-43\source\repos\AngularTrainee\Library.WebCore\dist\out-tsc\src\environments\environment.prod.js.map
C:\Users\Anuitex-43\source\repos\AngularTrainee\Library.WebCore\dist\out-tsc\src\app\app.component.spec.js
C:\Users\Anuitex-43\source\repos\AngularTrainee\Library.WebCore\dist\out-tsc\src\app\app.component.spec.js.map
C:\Users\Anuitex-43\source\repos\AngularTrainee\Library.WebCore\dist\out-tsc\e2e\app.po.js
C:\Users\Anuitex-43\source\repos\AngularTrainee\Library.WebCore\dist\out-tsc\e2e\app.po.js.map
C:\Users\Anuitex-43\source\repos\AngularTrainee\Library.WebCore\dist\out-tsc\e2e\app.e2e-spec.js
C:\Users\Anuitex-43\source\repos\AngularTrainee\Library.WebCore\dist\out-tsc\e2e\app.e2e-spec.js.map
C:\Users\Anuitex-43\source\repos\AngularTrainee\Library.WebCore\dist\out-tsc\src\app\app.service.js
C:\Users\Anuitex-43\source\repos\AngularTrainee\Library.WebCore\dist\out-tsc\src\app\app.service.js.map
C:\Users\Anuitex-43\source\repos\AngularTrainee\Library.WebCore\dist\out-tsc\src\app\app.component.js
C:\Users\Anuitex-43\source\repos\AngularTrainee\Library.WebCore\dist\out-tsc\src\app\app.component.js.map
C:\Users\Anuitex-43\source\repos\AngularTrainee\Library.WebCore\dist\out-tsc\src\app\app.module.js
C:\Users\Anuitex-43\source\repos\AngularTrainee\Library.WebCore\dist\out-tsc\src\app\app.module.js.map
C:\Users\Anuitex-43\source\repos\AngularTrainee\Library.WebCore\dist\out-tsc\src\environments\environment.js
C:\Users\Anuitex-43\source\repos\AngularTrainee\Library.WebCore\dist\out-tsc\src\environments\environment.js.map
C:\Users\Anuitex-43\source\repos\AngularTrainee\Library.WebCore\dist\out-tsc\src\main.js
C:\Users\Anuitex-43\source\repos\AngularTrainee\Library.WebCore\dist\out-tsc\src\main.js.map
C:\Users\Anuitex-43\source\repos\AngularTrainee\Library.WebCore\dist\out-tsc\src\polyfills.js
C:\Users\Anuitex-43\source\repos\AngularTrainee\Library.WebCore\dist\out-tsc\src\polyfills.js.map
C:\Users\Anuitex-43\source\repos\AngularTrainee\Library.WebCore\dist\out-tsc\src\test.js
C:\Users\Anuitex-43\source\repos\AngularTrainee\Library.WebCore\dist\out-tsc\src\test.js.map
C:\Users\Anuitex-43\source\repos\AngularTrainee\Library.WebCore\dist\out-tsc\src\environments\environment.prod.js
C:\Users\Anuitex-43\source\repos\AngularTrainee\Library.WebCore\dist\out-tsc\src\environments\environment.prod.js.map
C:\Users\Anuitex-43\source\repos\AngularTrainee\Library.WebCore\dist\out-tsc\src\app\app.component.spec.js
C:\Users\Anuitex-43\source\repos\AngularTrainee\Library.WebCore\dist\out-tsc\src\app\app.component.spec.js.map
C:\Users\Anuitex-43\source\repos\AngularTrainee\Library.WebCore\dist\out-tsc\e2e\app.po.js
C:\Users\Anuitex-43\source\repos\AngularTrainee\Library.WebCore\dist\out-tsc\e2e\app.po.js.map
C:\Users\Anuitex-43\source\repos\AngularTrainee\Library.WebCore\dist\out-tsc\e2e\app.e2e-spec.js
C:\Users\Anuitex-43\source\repos\AngularTrainee\Library.WebCore\dist\out-tsc\e2e\app.e2e-spec.js.map
C:\Users\Anuitex-43\source\repos\AngularTrainee\Library.WebCore\dist\out-tsc\src\app\app.service.js
C:\Users\Anuitex-43\source\repos\AngularTrainee\Library.WebCore\dist\out-tsc\src\app\app.service.js.map
C:\Users\Anuitex-43\source\repos\AngularTrainee\Library.WebCore\dist\out-tsc\src\app\app.component.js
C:\Users\Anuitex-43\source\repos\AngularTrainee\Library.WebCore\dist\out-tsc\src\app\app.component.js.map
C:\Users\Anuitex-43\source\repos\AngularTrainee\Library.WebCore\dist\out-tsc\src\app\app.module.js
C:\Users\Anuitex-43\source\repos\AngularTrainee\Library.WebCore\dist\out-tsc\src\app\app.module.js.map
C:\Users\Anuitex-43\source\repos\AngularTrainee\Library.WebCore\dist\out-tsc\src\environments\environment.js
C:\Users\Anuitex-43\source\repos\AngularTrainee\Library.WebCore\dist\out-tsc\src\environments\environment.js.map
C:\Users\Anuitex-43\source\repos\AngularTrainee\Library.WebCore\dist\out-tsc\src\main.js
C:\Users\Anuitex-43\source\repos\AngularTrainee\Library.WebCore\dist\out-tsc\src\main.js.map
C:\Users\Anuitex-43\source\repos\AngularTrainee\Library.WebCore\dist\out-tsc\src\polyfills.js
C:\Users\Anuitex-43\source\repos\AngularTrainee\Library.WebCore\dist\out-tsc\src\polyfills.js.map
C:\Users\Anuitex-43\source\repos\AngularTrainee\Library.WebCore\dist\out-tsc\src\test.js
C:\Users\Anuitex-43\source\repos\AngularTrainee\Library.WebCore\dist\out-tsc\src\test.js.map
C:\Users\Anuitex-43\source\repos\AngularTrainee\Library.WebCore\dist\out-tsc\src\environments\environment.prod.js
C:\Users\Anuitex-43\source\repos\AngularTrainee\Library.WebCore\dist\out-tsc\src\environments\environment.prod.js.map
C:\Users\Anuitex-43\source\repos\AngularTrainee\Library.WebCore\dist\out-tsc\src\app\app.component.spec.js
C:\Users\Anuitex-43\source\repos\AngularTrainee\Library.WebCore\dist\out-tsc\src\app\app.component.spec.js.map
C:\Users\Anuitex-43\source\repos\AngularTrainee\Library.WebCore\dist\out-tsc\e2e\app.po.js
C:\Users\Anuitex-43\source\repos\AngularTrainee\Library.WebCore\dist\out-tsc\e2e\app.po.js.map
C:\Users\Anuitex-43\source\repos\AngularTrainee\Library.WebCore\dist\out-tsc\e2e\app.e2e-spec.js
C:\Users\Anuitex-43\source\repos\AngularTrainee\Library.WebCore\dist\out-tsc\e2e\app.e2e-spec.js.map
C:\Users\Anuitex-43\source\repos\AngularTrainee\Library.WebCore\dist\out-tsc\src\app\app.service.js
C:\Users\Anuitex-43\source\repos\AngularTrainee\Library.WebCore\dist\out-tsc\src\app\app.service.js.map
C:\Users\Anuitex-43\source\repos\AngularTrainee\Library.WebCore\dist\out-tsc\src\app\app.component.js
C:\Users\Anuitex-43\source\repos\AngularTrainee\Library.WebCore\dist\out-tsc\src\app\app.component.js.map
C:\Users\Anuitex-43\source\repos\AngularTrainee\Library.WebCore\dist\out-tsc\src\app\app.module.js
C:\Users\Anuitex-43\source\repos\AngularTrainee\Library.WebCore\dist\out-tsc\src\app\app.module.js.map
C:\Users\Anuitex-43\source\repos\AngularTrainee\Library.WebCore\dist\out-tsc\src\environments\environment.js
C:\Users\Anuitex-43\source\repos\AngularTrainee\Library.WebCore\dist\out-tsc\src\environments\environment.js.map
C:\Users\Anuitex-43\source\repos\AngularTrainee\Library.WebCore\dist\out-tsc\src\main.js
C:\Users\Anuitex-43\source\repos\AngularTrainee\Library.WebCore\dist\out-tsc\src\main.js.map
C:\Users\Anuitex-43\source\repos\AngularTrainee\Library.WebCore\dist\out-tsc\src\polyfills.js
C:\Users\Anuitex-43\source\repos\AngularTrainee\Library.WebCore\dist\out-tsc\src\polyfills.js.map
C:\Users\Anuitex-43\source\repos\AngularTrainee\Library.WebCore\dist\out-tsc\src\test.js
C:\Users\Anuitex-43\source\repos\AngularTrainee\Library.WebCore\dist\out-tsc\src\test.js.map
C:\Users\Anuitex-43\source\repos\AngularTrainee\Library.WebCore\dist\out-tsc\src\environments\environment.prod.js
C:\Users\Anuitex-43\source\repos\AngularTrainee\Library.WebCore\dist\out-tsc\src\environments\environment.prod.js.map
C:\Users\Anuitex-43\source\repos\AngularTrainee\Library.WebCore\dist\out-tsc\src\app\app.component.spec.js
C:\Users\Anuitex-43\source\repos\AngularTrainee\Library.WebCore\dist\out-tsc\src\app\app.component.spec.js.map
C:\Users\Anuitex-43\source\repos\AngularTrainee\Library.WebCore\dist\out-tsc\e2e\app.po.js
C:\Users\Anuitex-43\source\repos\AngularTrainee\Library.WebCore\dist\out-tsc\e2e\app.po.js.map
C:\Users\Anuitex-43\source\repos\AngularTrainee\Library.WebCore\dist\out-tsc\e2e\app.e2e-spec.js
C:\Users\Anuitex-43\source\repos\AngularTrainee\Library.WebCore\dist\out-tsc\e2e\app.e2e-spec.js.map
C:\Users\Anuitex-43\source\repos\AngularTrainee\Library.WebCore\dist\out-tsc\src\app\app.service.js
C:\Users\Anuitex-43\source\repos\AngularTrainee\Library.WebCore\dist\out-tsc\src\app\app.service.js.map
C:\Users\Anuitex-43\source\repos\AngularTrainee\Library.WebCore\dist\out-tsc\src\app\app.component.js
C:\Users\Anuitex-43\source\repos\AngularTrainee\Library.WebCore\dist\out-tsc\src\app\app.component.js.map
C:\Users\Anuitex-43\source\repos\AngularTrainee\Library.WebCore\dist\out-tsc\src\app\app.module.js
C:\Users\Anuitex-43\source\repos\AngularTrainee\Library.WebCore\dist\out-tsc\src\app\app.module.js.map
C:\Users\Anuitex-43\source\repos\AngularTrainee\Library.WebCore\dist\out-tsc\src\environments\environment.js
C:\Users\Anuitex-43\source\repos\AngularTrainee\Library.WebCore\dist\out-tsc\src\environments\environment.js.map
C:\Users\Anuitex-43\source\repos\AngularTrainee\Library.WebCore\dist\out-tsc\src\main.js
C:\Users\Anuitex-43\source\repos\AngularTrainee\Library.WebCore\dist\out-tsc\src\main.js.map
C:\Users\Anuitex-43\source\repos\AngularTrainee\Library.WebCore\dist\out-tsc\src\polyfills.js
C:\Users\Anuitex-43\source\repos\AngularTrainee\Library.WebCore\dist\out-tsc\src\polyfills.js.map
C:\Users\Anuitex-43\source\repos\AngularTrainee\Library.WebCore\dist\out-tsc\src\test.js
C:\Users\Anuitex-43\source\repos\AngularTrainee\Library.WebCore\dist\out-tsc\src\test.js.map
C:\Users\Anuitex-43\source\repos\AngularTrainee\Library.WebCore\dist\out-tsc\src\environments\environment.prod.js
C:\Users\Anuitex-43\source\repos\AngularTrainee\Library.WebCore\dist\out-tsc\src\environments\environment.prod.js.map
C:\Users\Anuitex-43\source\repos\AngularTrainee\Library.WebCore\dist\out-tsc\src\app\app.component.spec.js
C:\Users\Anuitex-43\source\repos\AngularTrainee\Library.WebCore\dist\out-tsc\src\app\app.component.spec.js.map
C:\Users\Anuitex-43\source\repos\AngularTrainee\Library.WebCore\dist\out-tsc\e2e\app.po.js
C:\Users\Anuitex-43\source\repos\AngularTrainee\Library.WebCore\dist\out-tsc\e2e\app.po.js.map
C:\Users\Anuitex-43\source\repos\AngularTrainee\Library.WebCore\dist\out-tsc\e2e\app.e2e-spec.js
C:\Users\Anuitex-43\source\repos\AngularTrainee\Library.WebCore\dist\out-tsc\e2e\app.e2e-spec.js.map
C:\Users\Anuitex-43\source\repos\AngularTrainee\Library.WebCore\dist\out-tsc\src\app\app.service.js
C:\Users\Anuitex-43\source\repos\AngularTrainee\Library.WebCore\dist\out-tsc\src\app\app.service.js.map
C:\Users\Anuitex-43\source\repos\AngularTrainee\Library.WebCore\dist\out-tsc\src\app\app.component.js
C:\Users\Anuitex-43\source\repos\AngularTrainee\Library.WebCore\dist\out-tsc\src\app\app.component.js.map
C:\Users\Anuitex-43\source\repos\AngularTrainee\Library.WebCore\dist\out-tsc\src\app\app.module.js
C:\Users\Anuitex-43\source\repos\AngularTrainee\Library.WebCore\dist\out-tsc\src\app\app.module.js.map
C:\Users\Anuitex-43\source\repos\AngularTrainee\Library.WebCore\dist\out-tsc\src\environments\environment.js
C:\Users\Anuitex-43\source\repos\AngularTrainee\Library.WebCore\dist\out-tsc\src\environments\environment.js.map
C:\Users\Anuitex-43\source\repos\AngularTrainee\Library.WebCore\dist\out-tsc\src\main.js
C:\Users\Anuitex-43\source\repos\AngularTrainee\Library.WebCore\dist\out-tsc\src\main.js.map
C:\Users\Anuitex-43\source\repos\AngularTrainee\Library.WebCore\dist\out-tsc\src\polyfills.js
C:\Users\Anuitex-43\source\repos\AngularTrainee\Library.WebCore\dist\out-tsc\src\polyfills.js.map
C:\Users\Anuitex-43\source\repos\AngularTrainee\Library.WebCore\dist\out-tsc\src\test.js
C:\Users\Anuitex-43\source\repos\AngularTrainee\Library.WebCore\dist\out-tsc\src\test.js.map
C:\Users\Anuitex-43\source\repos\AngularTrainee\Library.WebCore\dist\out-tsc\src\environments\environment.prod.js
C:\Users\Anuitex-43\source\repos\AngularTrainee\Library.WebCore\dist\out-tsc\src\environments\environment.prod.js.map
C:\Users\Anuitex-43\source\repos\AngularTrainee\Library.WebCore\dist\out-tsc\src\app\app.component.spec.js
C:\Users\Anuitex-43\source\repos\AngularTrainee\Library.WebCore\dist\out-tsc\src\app\app.component.spec.js.map
C:\Users\Anuitex-43\source\repos\AngularTrainee\Library.WebCore\dist\out-tsc\e2e\app.po.js
C:\Users\Anuitex-43\source\repos\AngularTrainee\Library.WebCore\dist\out-tsc\e2e\app.po.js.map
C:\Users\Anuitex-43\source\repos\AngularTrainee\Library.WebCore\dist\out-tsc\e2e\app.e2e-spec.js
C:\Users\Anuitex-43\source\repos\AngularTrainee\Library.WebCore\dist\out-tsc\e2e\app.e2e-spec.js.map
C:\Users\Anuitex-43\source\repos\AngularTrainee\Library.WebCore\dist\out-tsc\src\app\app.service.js
C:\Users\Anuitex-43\source\repos\AngularTrainee\Library.WebCore\dist\out-tsc\src\app\app.service.js.map
C:\Users\Anuitex-43\source\repos\AngularTrainee\Library.WebCore\dist\out-tsc\src\app\app.component.js
C:\Users\Anuitex-43\source\repos\AngularTrainee\Library.WebCore\dist\out-tsc\src\app\app.component.js.map
C:\Users\Anuitex-43\source\repos\AngularTrainee\Library.WebCore\dist\out-tsc\src\app\app.module.js
C:\Users\Anuitex-43\source\repos\AngularTrainee\Library.WebCore\dist\out-tsc\src\app\app.module.js.map
C:\Users\Anuitex-43\source\repos\AngularTrainee\Library.WebCore\dist\out-tsc\src\environments\environment.js
C:\Users\Anuitex-43\source\repos\AngularTrainee\Library.WebCore\dist\out-tsc\src\environments\environment.js.map
C:\Users\Anuitex-43\source\repos\AngularTrainee\Library.WebCore\dist\out-tsc\src\main.js
C:\Users\Anuitex-43\source\repos\AngularTrainee\Library.WebCore\dist\out-tsc\src\main.js.map
C:\Users\Anuitex-43\source\repos\AngularTrainee\Library.WebCore\dist\out-tsc\src\polyfills.js
C:\Users\Anuitex-43\source\repos\AngularTrainee\Library.WebCore\dist\out-tsc\src\polyfills.js.map
C:\Users\Anuitex-43\source\repos\AngularTrainee\Library.WebCore\dist\out-tsc\src\test.js
C:\Users\Anuitex-43\source\repos\AngularTrainee\Library.WebCore\dist\out-tsc\src\test.js.map
C:\Users\Anuitex-43\source\repos\AngularTrainee\Library.WebCore\dist\out-tsc\src\environments\environment.prod.js
C:\Users\Anuitex-43\source\repos\AngularTrainee\Library.WebCore\dist\out-tsc\src\environments\environment.prod.js.map
C:\Users\Anuitex-43\source\repos\AngularTrainee\Library.WebCore\dist\out-tsc\src\app\app.component.spec.js
C:\Users\Anuitex-43\source\repos\AngularTrainee\Library.WebCore\dist\out-tsc\src\app\app.component.spec.js.map
C:\Users\Anuitex-43\source\repos\AngularTrainee\Library.WebCore\dist\out-tsc\e2e\app.po.js
C:\Users\Anuitex-43\source\repos\AngularTrainee\Library.WebCore\dist\out-tsc\e2e\app.po.js.map
C:\Users\Anuitex-43\source\repos\AngularTrainee\Library.WebCore\dist\out-tsc\e2e\app.e2e-spec.js
C:\Users\Anuitex-43\source\repos\AngularTrainee\Library.WebCore\dist\out-tsc\e2e\app.e2e-spec.js.map
C:\Users\Anuitex-43\source\repos\AngularTrainee\Library.WebCore\dist\out-tsc\src\app\app.service.js
C:\Users\Anuitex-43\source\repos\AngularTrainee\Library.WebCore\dist\out-tsc\src\app\app.service.js.map
C:\Users\Anuitex-43\source\repos\AngularTrainee\Library.WebCore\dist\out-tsc\src\app\app.component.js
C:\Users\Anuitex-43\source\repos\AngularTrainee\Library.WebCore\dist\out-tsc\src\app\app.component.js.map
C:\Users\Anuitex-43\source\repos\AngularTrainee\Library.WebCore\dist\out-tsc\src\app\app.module.js
C:\Users\Anuitex-43\source\repos\AngularTrainee\Library.WebCore\dist\out-tsc\src\app\app.module.js.map
C:\Users\Anuitex-43\source\repos\AngularTrainee\Library.WebCore\dist\out-tsc\src\environments\environment.js
C:\Users\Anuitex-43\source\repos\AngularTrainee\Library.WebCore\dist\out-tsc\src\environments\environment.js.map
C:\Users\Anuitex-43\source\repos\AngularTrainee\Library.WebCore\dist\out-tsc\src\main.js
C:\Users\Anuitex-43\source\repos\AngularTrainee\Library.WebCore\dist\out-tsc\src\main.js.map
C:\Users\Anuitex-43\source\repos\AngularTrainee\Library.WebCore\dist\out-tsc\src\polyfills.js
C:\Users\Anuitex-43\source\repos\AngularTrainee\Library.WebCore\dist\out-tsc\src\polyfills.js.map
C:\Users\Anuitex-43\source\repos\AngularTrainee\Library.WebCore\dist\out-tsc\src\test.js
C:\Users\Anuitex-43\source\repos\AngularTrainee\Library.WebCore\dist\out-tsc\src\test.js.map
C:\Users\Anuitex-43\source\repos\AngularTrainee\Library.WebCore\dist\out-tsc\src\environments\environment.prod.js
C:\Users\Anuitex-43\source\repos\AngularTrainee\Library.WebCore\dist\out-tsc\src\environments\environment.prod.js.map
C:\Users\Anuitex-43\source\repos\AngularTrainee\Library.WebCore\dist\out-tsc\src\app\app.component.spec.js
C:\Users\Anuitex-43\source\repos\AngularTrainee\Library.WebCore\dist\out-tsc\src\app\app.component.spec.js.map
C:\Users\Anuitex-43\source\repos\AngularTrainee\Library.WebCore\dist\out-tsc\e2e\app.po.js
C:\Users\Anuitex-43\source\repos\AngularTrainee\Library.WebCore\dist\out-tsc\e2e\app.po.js.map
C:\Users\Anuitex-43\source\repos\AngularTrainee\Library.WebCore\dist\out-tsc\e2e\app.e2e-spec.js
C:\Users\Anuitex-43\source\repos\AngularTrainee\Library.WebCore\dist\out-tsc\e2e\app.e2e-spec.js.map
C:\Users\Anuitex-43\source\repos\AngularTrainee\Library.WebCore\dist\out-tsc\src\app\app.service.js
C:\Users\Anuitex-43\source\repos\AngularTrainee\Library.WebCore\dist\out-tsc\src\app\app.service.js.map
C:\Users\Anuitex-43\source\repos\AngularTrainee\Library.WebCore\dist\out-tsc\src\app\app.component.js
C:\Users\Anuitex-43\source\repos\AngularTrainee\Library.WebCore\dist\out-tsc\src\app\app.component.js.map
C:\Users\Anuitex-43\source\repos\AngularTrainee\Library.WebCore\dist\out-tsc\src\app\app.module.js
C:\Users\Anuitex-43\source\repos\AngularTrainee\Library.WebCore\dist\out-tsc\src\app\app.module.js.map
C:\Users\Anuitex-43\source\repos\AngularTrainee\Library.WebCore\dist\out-tsc\src\environments\environment.js
C:\Users\Anuitex-43\source\repos\AngularTrainee\Library.WebCore\dist\out-tsc\src\environments\environment.js.map
C:\Users\Anuitex-43\source\repos\AngularTrainee\Library.WebCore\dist\out-tsc\src\main.js
C:\Users\Anuitex-43\source\repos\AngularTrainee\Library.WebCore\dist\out-tsc\src\main.js.map
C:\Users\Anuitex-43\source\repos\AngularTrainee\Library.WebCore\dist\out-tsc\src\polyfills.js
C:\Users\Anuitex-43\source\repos\AngularTrainee\Library.WebCore\dist\out-tsc\src\polyfills.js.map
C:\Users\Anuitex-43\source\repos\AngularTrainee\Library.WebCore\dist\out-tsc\src\test.js
C:\Users\Anuitex-43\source\repos\AngularTrainee\Library.WebCore\dist\out-tsc\src\test.js.map
C:\Users\Anuitex-43\source\repos\AngularTrainee\Library.WebCore\dist\out-tsc\src\environments\environment.prod.js
C:\Users\Anuitex-43\source\repos\AngularTrainee\Library.WebCore\dist\out-tsc\src\environments\environment.prod.js.map
C:\Users\Anuitex-43\source\repos\AngularTrainee\Library.WebCore\dist\out-tsc\src\app\app.component.spec.js
C:\Users\Anuitex-43\source\repos\AngularTrainee\Library.WebCore\dist\out-tsc\src\app\app.component.spec.js.map
C:\Users\Anuitex-43\source\repos\AngularTrainee\Library.WebCore\dist\out-tsc\e2e\app.po.js
C:\Users\Anuitex-43\source\repos\AngularTrainee\Library.WebCore\dist\out-tsc\e2e\app.po.js.map
C:\Users\Anuitex-43\source\repos\AngularTrainee\Library.WebCore\dist\out-tsc\e2e\app.e2e-spec.js
C:\Users\Anuitex-43\source\repos\AngularTrainee\Library.WebCore\dist\out-tsc\e2e\app.e2e-spec.js.map
C:\Users\Anuitex-43\source\repos\AngularTrainee\Library.WebCore\dist\out-tsc\src\app\app.service.js
C:\Users\Anuitex-43\source\repos\AngularTrainee\Library.WebCore\dist\out-tsc\src\app\app.service.js.map
C:\Users\Anuitex-43\source\repos\AngularTrainee\Library.WebCore\dist\out-tsc\src\app\app.component.js
C:\Users\Anuitex-43\source\repos\AngularTrainee\Library.WebCore\dist\out-tsc\src\app\app.component.js.map
C:\Users\Anuitex-43\source\repos\AngularTrainee\Library.WebCore\dist\out-tsc\src\app\app.module.js
C:\Users\Anuitex-43\source\repos\AngularTrainee\Library.WebCore\dist\out-tsc\src\app\app.module.js.map
C:\Users\Anuitex-43\source\repos\AngularTrainee\Library.WebCore\dist\out-tsc\src\environments\environment.js
C:\Users\Anuitex-43\source\repos\AngularTrainee\Library.WebCore\dist\out-tsc\src\environments\environment.js.map
C:\Users\Anuitex-43\source\repos\AngularTrainee\Library.WebCore\dist\out-tsc\src\main.js
C:\Users\Anuitex-43\source\repos\AngularTrainee\Library.WebCore\dist\out-tsc\src\main.js.map
C:\Users\Anuitex-43\source\repos\AngularTrainee\Library.WebCore\dist\out-tsc\src\polyfills.js
C:\Users\Anuitex-43\source\repos\AngularTrainee\Library.WebCore\dist\out-tsc\src\polyfills.js.map
C:\Users\Anuitex-43\source\repos\AngularTrainee\Library.WebCore\dist\out-tsc\src\test.js
C:\Users\Anuitex-43\source\repos\AngularTrainee\Library.WebCore\dist\out-tsc\src\test.js.map
C:\Users\Anuitex-43\source\repos\AngularTrainee\Library.WebCore\dist\out-tsc\src\environments\environment.prod.js
C:\Users\Anuitex-43\source\repos\AngularTrainee\Library.WebCore\dist\out-tsc\src\environments\environment.prod.js.map
C:\Users\Anuitex-43\source\repos\AngularTrainee\Library.WebCore\dist\out-tsc\src\app\app.component.spec.js
C:\Users\Anuitex-43\source\repos\AngularTrainee\Library.WebCore\dist\out-tsc\src\app\app.component.spec.js.map
C:\Users\Anuitex-43\source\repos\AngularTrainee\Library.WebCore\dist\out-tsc\e2e\app.po.js
C:\Users\Anuitex-43\source\repos\AngularTrainee\Library.WebCore\dist\out-tsc\e2e\app.po.js.map
C:\Users\Anuitex-43\source\repos\AngularTrainee\Library.WebCore\dist\out-tsc\e2e\app.e2e-spec.js
C:\Users\Anuitex-43\source\repos\AngularTrainee\Library.WebCore\dist\out-tsc\e2e\app.e2e-spec.js.map
C:\Users\Anuitex-43\source\repos\AngularTrainee\Library.WebCore\dist\out-tsc\src\app\app.service.js
C:\Users\Anuitex-43\source\repos\AngularTrainee\Library.WebCore\dist\out-tsc\src\app\app.service.js.map
C:\Users\Anuitex-43\source\repos\AngularTrainee\Library.WebCore\dist\out-tsc\src\app\app.component.js
C:\Users\Anuitex-43\source\repos\AngularTrainee\Library.WebCore\dist\out-tsc\src\app\app.component.js.map
C:\Users\Anuitex-43\source\repos\AngularTrainee\Library.WebCore\dist\out-tsc\src\app\app.module.js
C:\Users\Anuitex-43\source\repos\AngularTrainee\Library.WebCore\dist\out-tsc\src\app\app.module.js.map
C:\Users\Anuitex-43\source\repos\AngularTrainee\Library.WebCore\dist\out-tsc\src\environments\environment.js
C:\Users\Anuitex-43\source\repos\AngularTrainee\Library.WebCore\dist\out-tsc\src\environments\environment.js.map
C:\Users\Anuitex-43\source\repos\AngularTrainee\Library.WebCore\dist\out-tsc\src\main.js
C:\Users\Anuitex-43\source\repos\AngularTrainee\Library.WebCore\dist\out-tsc\src\main.js.map
C:\Users\Anuitex-43\source\repos\AngularTrainee\Library.WebCore\dist\out-tsc\src\polyfills.js
C:\Users\Anuitex-43\source\repos\AngularTrainee\Library.WebCore\dist\out-tsc\src\polyfills.js.map
C:\Users\Anuitex-43\source\repos\AngularTrainee\Library.WebCore\dist\out-tsc\src\test.js
C:\Users\Anuitex-43\source\repos\AngularTrainee\Library.WebCore\dist\out-tsc\src\test.js.map
C:\Users\Anuitex-43\source\repos\AngularTrainee\Library.WebCore\dist\out-tsc\src\environments\environment.prod.js
C:\Users\Anuitex-43\source\repos\AngularTrainee\Library.WebCore\dist\out-tsc\src\environments\environment.prod.js.map
C:\Users\Anuitex-43\source\repos\AngularTrainee\Library.WebCore\dist\out-tsc\src\app\app.component.spec.js
C:\Users\Anuitex-43\source\repos\AngularTrainee\Library.WebCore\dist\out-tsc\src\app\app.component.spec.js.map
C:\Users\Anuitex-43\source\repos\AngularTrainee\Library.WebCore\dist\out-tsc\e2e\app.po.js
C:\Users\Anuitex-43\source\repos\AngularTrainee\Library.WebCore\dist\out-tsc\e2e\app.po.js.map
C:\Users\Anuitex-43\source\repos\AngularTrainee\Library.WebCore\dist\out-tsc\e2e\app.e2e-spec.js
C:\Users\Anuitex-43\source\repos\AngularTrainee\Library.WebCore\dist\out-tsc\e2e\app.e2e-spec.js.map
C:\Users\Anuitex-43\source\repos\AngularTrainee\Library.WebCore\dist\out-tsc\src\app\app.service.js
C:\Users\Anuitex-43\source\repos\AngularTrainee\Library.WebCore\dist\out-tsc\src\app\app.service.js.map
C:\Users\Anuitex-43\source\repos\AngularTrainee\Library.WebCore\dist\out-tsc\src\app\app.component.js
C:\Users\Anuitex-43\source\repos\AngularTrainee\Library.WebCore\dist\out-tsc\src\app\app.component.js.map
C:\Users\Anuitex-43\source\repos\AngularTrainee\Library.WebCore\dist\out-tsc\src\app\app.module.js
C:\Users\Anuitex-43\source\repos\AngularTrainee\Library.WebCore\dist\out-tsc\src\app\app.module.js.map
C:\Users\Anuitex-43\source\repos\AngularTrainee\Library.WebCore\dist\out-tsc\src\environments\environment.js
C:\Users\Anuitex-43\source\repos\AngularTrainee\Library.WebCore\dist\out-tsc\src\environments\environment.js.map
C:\Users\Anuitex-43\source\repos\AngularTrainee\Library.WebCore\dist\out-tsc\src\main.js
C:\Users\Anuitex-43\source\repos\AngularTrainee\Library.WebCore\dist\out-tsc\src\main.js.map
C:\Users\Anuitex-43\source\repos\AngularTrainee\Library.WebCore\dist\out-tsc\src\polyfills.js
C:\Users\Anuitex-43\source\repos\AngularTrainee\Library.WebCore\dist\out-tsc\src\polyfills.js.map
C:\Users\Anuitex-43\source\repos\AngularTrainee\Library.WebCore\dist\out-tsc\src\test.js
C:\Users\Anuitex-43\source\repos\AngularTrainee\Library.WebCore\dist\out-tsc\src\test.js.map
C:\Users\Anuitex-43\source\repos\AngularTrainee\Library.WebCore\dist\out-tsc\src\environments\environment.prod.js
C:\Users\Anuitex-43\source\repos\AngularTrainee\Library.WebCore\dist\out-tsc\src\environments\environment.prod.js.map
C:\Users\Anuitex-43\source\repos\AngularTrainee\Library.WebCore\dist\out-tsc\src\app\app.component.spec.js
C:\Users\Anuitex-43\source\repos\AngularTrainee\Library.WebCore\dist\out-tsc\src\app\app.component.spec.js.map
C:\Users\Anuitex-43\source\repos\AngularTrainee\Library.WebCore\dist\out-tsc\e2e\app.po.js
C:\Users\Anuitex-43\source\repos\AngularTrainee\Library.WebCore\dist\out-tsc\e2e\app.po.js.map
C:\Users\Anuitex-43\source\repos\AngularTrainee\Library.WebCore\dist\out-tsc\e2e\app.e2e-spec.js
C:\Users\Anuitex-43\source\repos\AngularTrainee\Library.WebCore\dist\out-tsc\e2e\app.e2e-spec.js.map
C:\Users\Anuitex-43\source\repos\AngularTrainee\Library.WebCore\dist\out-tsc\src\app\app.service.js
C:\Users\Anuitex-43\source\repos\AngularTrainee\Library.WebCore\dist\out-tsc\src\app\app.service.js.map
C:\Users\Anuitex-43\source\repos\AngularTrainee\Library.WebCore\dist\out-tsc\src\app\app.component.js
C:\Users\Anuitex-43\source\repos\AngularTrainee\Library.WebCore\dist\out-tsc\src\app\app.component.js.map
C:\Users\Anuitex-43\source\repos\AngularTrainee\Library.WebCore\dist\out-tsc\src\app\app.module.js
C:\Users\Anuitex-43\source\repos\AngularTrainee\Library.WebCore\dist\out-tsc\src\app\app.module.js.map
C:\Users\Anuitex-43\source\repos\AngularTrainee\Library.WebCore\dist\out-tsc\src\environments\environment.js
C:\Users\Anuitex-43\source\repos\AngularTrainee\Library.WebCore\dist\out-tsc\src\environments\environment.js.map
C:\Users\Anuitex-43\source\repos\AngularTrainee\Library.WebCore\dist\out-tsc\src\main.js
C:\Users\Anuitex-43\source\repos\AngularTrainee\Library.WebCore\dist\out-tsc\src\main.js.map
C:\Users\Anuitex-43\source\repos\AngularTrainee\Library.WebCore\dist\out-tsc\src\polyfills.js
C:\Users\Anuitex-43\source\repos\AngularTrainee\Library.WebCore\dist\out-tsc\src\polyfills.js.map
C:\Users\Anuitex-43\source\repos\AngularTrainee\Library.WebCore\dist\out-tsc\src\test.js
C:\Users\Anuitex-43\source\repos\AngularTrainee\Library.WebCore\dist\out-tsc\src\test.js.map
C:\Users\Anuitex-43\source\repos\AngularTrainee\Library.WebCore\dist\out-tsc\src\environments\environment.prod.js
C:\Users\Anuitex-43\source\repos\AngularTrainee\Library.WebCore\dist\out-tsc\src\environments\environment.prod.js.map
C:\Users\Anuitex-43\source\repos\AngularTrainee\Library.WebCore\dist\out-tsc\src\app\app.component.spec.js
C:\Users\Anuitex-43\source\repos\AngularTrainee\Library.WebCore\dist\out-tsc\src\app\app.component.spec.js.map
C:\Users\Anuitex-43\source\repos\AngularTrainee\Library.WebCore\dist\out-tsc\e2e\app.po.js
C:\Users\Anuitex-43\source\repos\AngularTrainee\Library.WebCore\dist\out-tsc\e2e\app.po.js.map
C:\Users\Anuitex-43\source\repos\AngularTrainee\Library.WebCore\dist\out-tsc\e2e\app.e2e-spec.js
C:\Users\Anuitex-43\source\repos\AngularTrainee\Library.WebCore\dist\out-tsc\e2e\app.e2e-spec.js.map
C:\Users\Anuitex-43\source\repos\AngularTrainee\Library.WebCore\dist\out-tsc\src\app\app.service.js
C:\Users\Anuitex-43\source\repos\AngularTrainee\Library.WebCore\dist\out-tsc\src\app\app.service.js.map
C:\Users\Anuitex-43\source\repos\AngularTrainee\Library.WebCore\dist\out-tsc\src\app\app.component.js
C:\Users\Anuitex-43\source\repos\AngularTrainee\Library.WebCore\dist\out-tsc\src\app\app.component.js.map
C:\Users\Anuitex-43\source\repos\AngularTrainee\Library.WebCore\dist\out-tsc\src\app\app.module.js
C:\Users\Anuitex-43\source\repos\AngularTrainee\Library.WebCore\dist\out-tsc\src\app\app.module.js.map
C:\Users\Anuitex-43\source\repos\AngularTrainee\Library.WebCore\dist\out-tsc\src\environments\environment.js
C:\Users\Anuitex-43\source\repos\AngularTrainee\Library.WebCore\dist\out-tsc\src\environments\environment.js.map
C:\Users\Anuitex-43\source\repos\AngularTrainee\Library.WebCore\dist\out-tsc\src\main.js
C:\Users\Anuitex-43\source\repos\AngularTrainee\Library.WebCore\dist\out-tsc\src\main.js.map
C:\Users\Anuitex-43\source\repos\AngularTrainee\Library.WebCore\dist\out-tsc\src\polyfills.js
C:\Users\Anuitex-43\source\repos\AngularTrainee\Library.WebCore\dist\out-tsc\src\polyfills.js.map
C:\Users\Anuitex-43\source\repos\AngularTrainee\Library.WebCore\dist\out-tsc\src\test.js
C:\Users\Anuitex-43\source\repos\AngularTrainee\Library.WebCore\dist\out-tsc\src\test.js.map
C:\Users\Anuitex-43\source\repos\AngularTrainee\Library.WebCore\dist\out-tsc\src\environments\environment.prod.js
C:\Users\Anuitex-43\source\repos\AngularTrainee\Library.WebCore\dist\out-tsc\src\environments\environment.prod.js.map
C:\Users\Anuitex-43\source\repos\AngularTrainee\Library.WebCore\dist\out-tsc\src\app\app.component.spec.js
C:\Users\Anuitex-43\source\repos\AngularTrainee\Library.WebCore\dist\out-tsc\src\app\app.component.spec.js.map
C:\Users\Anuitex-43\source\repos\AngularTrainee\Library.WebCore\dist\out-tsc\e2e\app.po.js
C:\Users\Anuitex-43\source\repos\AngularTrainee\Library.WebCore\dist\out-tsc\e2e\app.po.js.map
C:\Users\Anuitex-43\source\repos\AngularTrainee\Library.WebCore\dist\out-tsc\e2e\app.e2e-spec.js
C:\Users\Anuitex-43\source\repos\AngularTrainee\Library.WebCore\dist\out-tsc\e2e\app.e2e-spec.js.map
C:\Users\Anuitex-43\source\repos\AngularTrainee\Library.WebCore\dist\out-tsc\src\app\app.service.js
C:\Users\Anuitex-43\source\repos\AngularTrainee\Library.WebCore\dist\out-tsc\src\app\app.service.js.map
C:\Users\Anuitex-43\source\repos\AngularTrainee\Library.WebCore\dist\out-tsc\src\app\app.component.js
C:\Users\Anuitex-43\source\repos\AngularTrainee\Library.WebCore\dist\out-tsc\src\app\app.component.js.map
C:\Users\Anuitex-43\source\repos\AngularTrainee\Library.WebCore\dist\out-tsc\src\app\app.module.js
C:\Users\Anuitex-43\source\repos\AngularTrainee\Library.WebCore\dist\out-tsc\src\app\app.module.js.map
C:\Users\Anuitex-43\source\repos\AngularTrainee\Library.WebCore\dist\out-tsc\src\environments\environment.js
C:\Users\Anuitex-43\source\repos\AngularTrainee\Library.WebCore\dist\out-tsc\src\environments\environment.js.map
C:\Users\Anuitex-43\source\repos\AngularTrainee\Library.WebCore\dist\out-tsc\src\main.js
C:\Users\Anuitex-43\source\repos\AngularTrainee\Library.WebCore\dist\out-tsc\src\main.js.map
C:\Users\Anuitex-43\source\repos\AngularTrainee\Library.WebCore\dist\out-tsc\src\polyfills.js
C:\Users\Anuitex-43\source\repos\AngularTrainee\Library.WebCore\dist\out-tsc\src\polyfills.js.map
C:\Users\Anuitex-43\source\repos\AngularTrainee\Library.WebCore\dist\out-tsc\src\test.js
C:\Users\Anuitex-43\source\repos\AngularTrainee\Library.WebCore\dist\out-tsc\src\test.js.map
C:\Users\Anuitex-43\source\repos\AngularTrainee\Library.WebCore\dist\out-tsc\src\environments\environment.prod.js
C:\Users\Anuitex-43\source\repos\AngularTrainee\Library.WebCore\dist\out-tsc\src\environments\environment.prod.js.map
C:\Users\Anuitex-43\source\repos\AngularTrainee\Library.WebCore\dist\out-tsc\src\app\app.component.spec.js
C:\Users\Anuitex-43\source\repos\AngularTrainee\Library.WebCore\dist\out-tsc\src\app\app.component.spec.js.map
C:\Users\Anuitex-43\source\repos\AngularTrainee\Library.WebCore\dist\out-tsc\e2e\app.po.js
C:\Users\Anuitex-43\source\repos\AngularTrainee\Library.WebCore\dist\out-tsc\e2e\app.po.js.map
C:\Users\Anuitex-43\source\repos\AngularTrainee\Library.WebCore\dist\out-tsc\e2e\app.e2e-spec.js
C:\Users\Anuitex-43\source\repos\AngularTrainee\Library.WebCore\dist\out-tsc\e2e\app.e2e-spec.js.map
C:\Users\Anuitex-43\source\repos\AngularTrainee\Library.WebCore\dist\out-tsc\src\app\app.service.js
C:\Users\Anuitex-43\source\repos\AngularTrainee\Library.WebCore\dist\out-tsc\src\app\app.service.js.map
C:\Users\Anuitex-43\source\repos\AngularTrainee\Library.WebCore\dist\out-tsc\src\app\app.component.js
C:\Users\Anuitex-43\source\repos\AngularTrainee\Library.WebCore\dist\out-tsc\src\app\app.component.js.map
C:\Users\Anuitex-43\source\repos\AngularTrainee\Library.WebCore\dist\out-tsc\src\app\app.module.js
C:\Users\Anuitex-43\source\repos\AngularTrainee\Library.WebCore\dist\out-tsc\src\app\app.module.js.map
C:\Users\Anuitex-43\source\repos\AngularTrainee\Library.WebCore\dist\out-tsc\src\environments\environment.js
C:\Users\Anuitex-43\source\repos\AngularTrainee\Library.WebCore\dist\out-tsc\src\environments\environment.js.map
C:\Users\Anuitex-43\source\repos\AngularTrainee\Library.WebCore\dist\out-tsc\src\main.js
C:\Users\Anuitex-43\source\repos\AngularTrainee\Library.WebCore\dist\out-tsc\src\main.js.map
C:\Users\Anuitex-43\source\repos\AngularTrainee\Library.WebCore\dist\out-tsc\src\polyfills.js
C:\Users\Anuitex-43\source\repos\AngularTrainee\Library.WebCore\dist\out-tsc\src\polyfills.js.map
C:\Users\Anuitex-43\source\repos\AngularTrainee\Library.WebCore\dist\out-tsc\src\test.js
C:\Users\Anuitex-43\source\repos\AngularTrainee\Library.WebCore\dist\out-tsc\src\test.js.map
C:\Users\Anuitex-43\source\repos\AngularTrainee\Library.WebCore\dist\out-tsc\src\environments\environment.prod.js
C:\Users\Anuitex-43\source\repos\AngularTrainee\Library.WebCore\dist\out-tsc\src\environments\environment.prod.js.map
C:\Users\Anuitex-43\source\repos\AngularTrainee\Library.WebCore\dist\out-tsc\src\app\app.component.spec.js
C:\Users\Anuitex-43\source\repos\AngularTrainee\Library.WebCore\dist\out-tsc\src\app\app.component.spec.js.map
C:\Users\Anuitex-43\source\repos\AngularTrainee\Library.WebCore\dist\out-tsc\e2e\app.po.js
C:\Users\Anuitex-43\source\repos\AngularTrainee\Library.WebCore\dist\out-tsc\e2e\app.po.js.map
C:\Users\Anuitex-43\source\repos\AngularTrainee\Library.WebCore\dist\out-tsc\e2e\app.e2e-spec.js
C:\Users\Anuitex-43\source\repos\AngularTrainee\Library.WebCore\dist\out-tsc\e2e\app.e2e-spec.js.map
C:\Users\Anuitex-43\source\repos\AngularTrainee\Library.WebCore\dist\out-tsc\src\app\app.service.js
C:\Users\Anuitex-43\source\repos\AngularTrainee\Library.WebCore\dist\out-tsc\src\app\app.service.js.map
C:\Users\Anuitex-43\source\repos\AngularTrainee\Library.WebCore\dist\out-tsc\src\app\app.component.js
C:\Users\Anuitex-43\source\repos\AngularTrainee\Library.WebCore\dist\out-tsc\src\app\app.component.js.map
C:\Users\Anuitex-43\source\repos\AngularTrainee\Library.WebCore\dist\out-tsc\src\app\app.module.js
C:\Users\Anuitex-43\source\repos\AngularTrainee\Library.WebCore\dist\out-tsc\src\app\app.module.js.map
C:\Users\Anuitex-43\source\repos\AngularTrainee\Library.WebCore\dist\out-tsc\src\environments\environment.js
C:\Users\Anuitex-43\source\repos\AngularTrainee\Library.WebCore\dist\out-tsc\src\environments\environment.js.map
C:\Users\Anuitex-43\source\repos\AngularTrainee\Library.WebCore\dist\out-tsc\src\main.js
C:\Users\Anuitex-43\source\repos\AngularTrainee\Library.WebCore\dist\out-tsc\src\main.js.map
C:\Users\Anuitex-43\source\repos\AngularTrainee\Library.WebCore\dist\out-tsc\src\polyfills.js
C:\Users\Anuitex-43\source\repos\AngularTrainee\Library.WebCore\dist\out-tsc\src\polyfills.js.map
C:\Users\Anuitex-43\source\repos\AngularTrainee\Library.WebCore\dist\out-tsc\src\test.js
C:\Users\Anuitex-43\source\repos\AngularTrainee\Library.WebCore\dist\out-tsc\src\test.js.map
C:\Users\Anuitex-43\source\repos\AngularTrainee\Library.WebCore\dist\out-tsc\src\environments\environment.prod.js
C:\Users\Anuitex-43\source\repos\AngularTrainee\Library.WebCore\dist\out-tsc\src\environments\environment.prod.js.map
C:\Users\Anuitex-43\source\repos\AngularTrainee\Library.WebCore\dist\out-tsc\src\app\app.component.spec.js
C:\Users\Anuitex-43\source\repos\AngularTrainee\Library.WebCore\dist\out-tsc\src\app\app.component.spec.js.map
C:\Users\Anuitex-43\source\repos\AngularTrainee\Library.WebCore\dist\out-tsc\e2e\app.po.js
C:\Users\Anuitex-43\source\repos\AngularTrainee\Library.WebCore\dist\out-tsc\e2e\app.po.js.map
C:\Users\Anuitex-43\source\repos\AngularTrainee\Library.WebCore\dist\out-tsc\e2e\app.e2e-spec.js
C:\Users\Anuitex-43\source\repos\AngularTrainee\Library.WebCore\dist\out-tsc\e2e\app.e2e-spec.js.map
C:\Users\Anuitex-43\source\repos\AngularTrainee\Library.WebCore\dist\out-tsc\src\app\app.service.js
C:\Users\Anuitex-43\source\repos\AngularTrainee\Library.WebCore\dist\out-tsc\src\app\app.service.js.map
C:\Users\Anuitex-43\source\repos\AngularTrainee\Library.WebCore\dist\out-tsc\src\app\app.component.js
C:\Users\Anuitex-43\source\repos\AngularTrainee\Library.WebCore\dist\out-tsc\src\app\app.component.js.map
C:\Users\Anuitex-43\source\repos\AngularTrainee\Library.WebCore\dist\out-tsc\src\app\app.module.js
C:\Users\Anuitex-43\source\repos\AngularTrainee\Library.WebCore\dist\out-tsc\src\app\app.module.js.map
C:\Users\Anuitex-43\source\repos\AngularTrainee\Library.WebCore\dist\out-tsc\src\environments\environment.js
C:\Users\Anuitex-43\source\repos\AngularTrainee\Library.WebCore\dist\out-tsc\src\environments\environment.js.map
C:\Users\Anuitex-43\source\repos\AngularTrainee\Library.WebCore\dist\out-tsc\src\main.js
C:\Users\Anuitex-43\source\repos\AngularTrainee\Library.WebCore\dist\out-tsc\src\main.js.map
C:\Users\Anuitex-43\source\repos\AngularTrainee\Library.WebCore\dist\out-tsc\src\polyfills.js
C:\Users\Anuitex-43\source\repos\AngularTrainee\Library.WebCore\dist\out-tsc\src\polyfills.js.map
C:\Users\Anuitex-43\source\repos\AngularTrainee\Library.WebCore\dist\out-tsc\src\test.js
C:\Users\Anuitex-43\source\repos\AngularTrainee\Library.WebCore\dist\out-tsc\src\test.js.map
C:\Users\Anuitex-43\source\repos\AngularTrainee\Library.WebCore\dist\out-tsc\src\environments\environment.prod.js
C:\Users\Anuitex-43\source\repos\AngularTrainee\Library.WebCore\dist\out-tsc\src\environments\environment.prod.js.map
C:\Users\Anuitex-43\source\repos\AngularTrainee\Library.WebCore\dist\out-tsc\src\app\app.component.spec.js
C:\Users\Anuitex-43\source\repos\AngularTrainee\Library.WebCore\dist\out-tsc\src\app\app.component.spec.js.map
C:\Users\Anuitex-43\source\repos\AngularTrainee\Library.WebCore\dist\out-tsc\e2e\app.po.js
C:\Users\Anuitex-43\source\repos\AngularTrainee\Library.WebCore\dist\out-tsc\e2e\app.po.js.map
C:\Users\Anuitex-43\source\repos\AngularTrainee\Library.WebCore\dist\out-tsc\e2e\app.e2e-spec.js
C:\Users\Anuitex-43\source\repos\AngularTrainee\Library.WebCore\dist\out-tsc\e2e\app.e2e-spec.js.map
C:\Users\Anuitex-43\source\repos\AngularTrainee\Library.WebCore\dist\out-tsc\src\app\app.service.js
C:\Users\Anuitex-43\source\repos\AngularTrainee\Library.WebCore\dist\out-tsc\src\app\app.service.js.map
C:\Users\Anuitex-43\source\repos\AngularTrainee\Library.WebCore\dist\out-tsc\src\app\app.component.js
C:\Users\Anuitex-43\source\repos\AngularTrainee\Library.WebCore\dist\out-tsc\src\app\app.component.js.map
C:\Users\Anuitex-43\source\repos\AngularTrainee\Library.WebCore\dist\out-tsc\src\app\app.module.js
C:\Users\Anuitex-43\source\repos\AngularTrainee\Library.WebCore\dist\out-tsc\src\app\app.module.js.map
C:\Users\Anuitex-43\source\repos\AngularTrainee\Library.WebCore\dist\out-tsc\src\environments\environment.js
C:\Users\Anuitex-43\source\repos\AngularTrainee\Library.WebCore\dist\out-tsc\src\environments\environment.js.map
C:\Users\Anuitex-43\source\repos\AngularTrainee\Library.WebCore\dist\out-tsc\src\main.js
C:\Users\Anuitex-43\source\repos\AngularTrainee\Library.WebCore\dist\out-tsc\src\main.js.map
C:\Users\Anuitex-43\source\repos\AngularTrainee\Library.WebCore\dist\out-tsc\src\polyfills.js
C:\Users\Anuitex-43\source\repos\AngularTrainee\Library.WebCore\dist\out-tsc\src\polyfills.js.map
C:\Users\Anuitex-43\source\repos\AngularTrainee\Library.WebCore\dist\out-tsc\src\test.js
C:\Users\Anuitex-43\source\repos\AngularTrainee\Library.WebCore\dist\out-tsc\src\test.js.map
C:\Users\Anuitex-43\source\repos\AngularTrainee\Library.WebCore\dist\out-tsc\src\environments\environment.prod.js
C:\Users\Anuitex-43\source\repos\AngularTrainee\Library.WebCore\dist\out-tsc\src\environments\environment.prod.js.map
C:\Users\Anuitex-43\source\repos\AngularTrainee\Library.WebCore\dist\out-tsc\src\app\app.component.spec.js
C:\Users\Anuitex-43\source\repos\AngularTrainee\Library.WebCore\dist\out-tsc\src\app\app.component.spec.js.map
C:\Users\Anuitex-43\source\repos\AngularTrainee\Library.WebCore\dist\out-tsc\e2e\app.po.js
C:\Users\Anuitex-43\source\repos\AngularTrainee\Library.WebCore\dist\out-tsc\e2e\app.po.js.map
C:\Users\Anuitex-43\source\repos\AngularTrainee\Library.WebCore\dist\out-tsc\e2e\app.e2e-spec.js
C:\Users\Anuitex-43\source\repos\AngularTrainee\Library.WebCore\dist\out-tsc\e2e\app.e2e-spec.js.map
C:\Users\Anuitex-43\source\repos\AngularTrainee\Library.WebCore\dist\out-tsc\src\app\app.service.js
C:\Users\Anuitex-43\source\repos\AngularTrainee\Library.WebCore\dist\out-tsc\src\app\app.service.js.map
C:\Users\Anuitex-43\source\repos\AngularTrainee\Library.WebCore\dist\out-tsc\src\app\app.component.js
C:\Users\Anuitex-43\source\repos\AngularTrainee\Library.WebCore\dist\out-tsc\src\app\app.component.js.map
C:\Users\Anuitex-43\source\repos\AngularTrainee\Library.WebCore\dist\out-tsc\src\app\app.module.js
C:\Users\Anuitex-43\source\repos\AngularTrainee\Library.WebCore\dist\out-tsc\src\app\app.module.js.map
C:\Users\Anuitex-43\source\repos\AngularTrainee\Library.WebCore\dist\out-tsc\src\environments\environment.js
C:\Users\Anuitex-43\source\repos\AngularTrainee\Library.WebCore\dist\out-tsc\src\environments\environment.js.map
C:\Users\Anuitex-43\source\repos\AngularTrainee\Library.WebCore\dist\out-tsc\src\main.js
C:\Users\Anuitex-43\source\repos\AngularTrainee\Library.WebCore\dist\out-tsc\src\main.js.map
C:\Users\Anuitex-43\source\repos\AngularTrainee\Library.WebCore\dist\out-tsc\src\polyfills.js
C:\Users\Anuitex-43\source\repos\AngularTrainee\Library.WebCore\dist\out-tsc\src\polyfills.js.map
C:\Users\Anuitex-43\source\repos\AngularTrainee\Library.WebCore\dist\out-tsc\src\test.js
C:\Users\Anuitex-43\source\repos\AngularTrainee\Library.WebCore\dist\out-tsc\src\test.js.map
C:\Users\Anuitex-43\source\repos\AngularTrainee\Library.WebCore\dist\out-tsc\src\environments\environment.prod.js
C:\Users\Anuitex-43\source\repos\AngularTrainee\Library.WebCore\dist\out-tsc\src\environments\environment.prod.js.map
C:\Users\Anuitex-43\source\repos\AngularTrainee\Library.WebCore\dist\out-tsc\src\app\app.component.spec.js
C:\Users\Anuitex-43\source\repos\AngularTrainee\Library.WebCore\dist\out-tsc\src\app\app.component.spec.js.map
C:\Users\Anuitex-43\source\repos\AngularTrainee\Library.WebCore\dist\out-tsc\e2e\app.po.js
C:\Users\Anuitex-43\source\repos\AngularTrainee\Library.WebCore\dist\out-tsc\e2e\app.po.js.map
C:\Users\Anuitex-43\source\repos\AngularTrainee\Library.WebCore\dist\out-tsc\e2e\app.e2e-spec.js
C:\Users\Anuitex-43\source\repos\AngularTrainee\Library.WebCore\dist\out-tsc\e2e\app.e2e-spec.js.map
C:\Users\Anuitex-43\source\repos\AngularTrainee\Library.WebCore\dist\out-tsc\src\app\app.service.js
C:\Users\Anuitex-43\source\repos\AngularTrainee\Library.WebCore\dist\out-tsc\src\app\app.service.js.map
C:\Users\Anuitex-43\source\repos\AngularTrainee\Library.WebCore\dist\out-tsc\src\app\app.component.js
C:\Users\Anuitex-43\source\repos\AngularTrainee\Library.WebCore\dist\out-tsc\src\app\app.component.js.map
C:\Users\Anuitex-43\source\repos\AngularTrainee\Library.WebCore\dist\out-tsc\src\app\app.module.js
C:\Users\Anuitex-43\source\repos\AngularTrainee\Library.WebCore\dist\out-tsc\src\app\app.module.js.map
C:\Users\Anuitex-43\source\repos\AngularTrainee\Library.WebCore\dist\out-tsc\src\environments\environment.js
C:\Users\Anuitex-43\source\repos\AngularTrainee\Library.WebCore\dist\out-tsc\src\environments\environment.js.map
C:\Users\Anuitex-43\source\repos\AngularTrainee\Library.WebCore\dist\out-tsc\src\main.js
C:\Users\Anuitex-43\source\repos\AngularTrainee\Library.WebCore\dist\out-tsc\src\main.js.map
C:\Users\Anuitex-43\source\repos\AngularTrainee\Library.WebCore\dist\out-tsc\src\polyfills.js
C:\Users\Anuitex-43\source\repos\AngularTrainee\Library.WebCore\dist\out-tsc\src\polyfills.js.map
C:\Users\Anuitex-43\source\repos\AngularTrainee\Library.WebCore\dist\out-tsc\src\test.js
C:\Users\Anuitex-43\source\repos\AngularTrainee\Library.WebCore\dist\out-tsc\src\test.js.map
C:\Users\Anuitex-43\source\repos\AngularTrainee\Library.WebCore\dist\out-tsc\src\environments\environment.prod.js
C:\Users\Anuitex-43\source\repos\AngularTrainee\Library.WebCore\dist\out-tsc\src\environments\environment.prod.js.map
C:\Users\Anuitex-43\source\repos\AngularTrainee\Library.WebCore\dist\out-tsc\src\app\app.component.spec.js
C:\Users\Anuitex-43\source\repos\AngularTrainee\Library.WebCore\dist\out-tsc\src\app\app.component.spec.js.map
C:\Users\Anuitex-43\source\repos\AngularTrainee\Library.WebCore\dist\out-tsc\e2e\app.po.js
C:\Users\Anuitex-43\source\repos\AngularTrainee\Library.WebCore\dist\out-tsc\e2e\app.po.js.map
C:\Users\Anuitex-43\source\repos\AngularTrainee\Library.WebCore\dist\out-tsc\e2e\app.e2e-spec.js
C:\Users\Anuitex-43\source\repos\AngularTrainee\Library.WebCore\dist\out-tsc\e2e\app.e2e-spec.js.map
